
> ursa-optional@0.10.2 rebuild
> node-gyp rebuild



  ursaNative.cc
D:\downloads D Drive\blc project\project-3\supply-chain-truffle-react\node_modules\nan\nan_callbacks.h(55,23): error C2039: 'AccessorSignature': is not a member of 'v8' [D:\downloads D Drive\blc project\project-3\supply-chain-truffle-react\node_modules\ursa-optional\build\ursaNative.vcxproj]
  (compiling source file '../src/ursaNative.cc')
  C:\Users\nishi\AppData\Local\node-gyp\Cache\22.14.0\include\node\v8.h(71,11):
  see declaration of 'v8'
  
D:\downloads D Drive\blc project\project-3\supply-chain-truffle-react\node_modules\nan\nan_callbacks.h(55,23): error C2065: 'AccessorSignature': undeclared identifier [D:\downloads D Drive\blc project\project-3\supply-chain-truffle-react\node_modules\ursa-optional\build\ursaNative.vcxproj]
  (compiling source file '../src/ursaNative.cc')
  
D:\downloads D Drive\blc project\project-3\supply-chain-truffle-react\node_modules\nan\nan_callbacks.h(55,13): error C2923: 'v8::Local': 'AccessorSignature' is not a valid template type argument for parameter 'T' [D:\downloads D Drive\blc project\project-3\supply-chain-truffle-react\node_modules\ursa-optional\build\ursaNative.vcxproj]
  (compiling source file '../src/ursaNative.cc')
  D:\downloads D Drive\blc project\project-3\supply-chain-truffle-react\node_modules\nan\nan_callbacks.h(55,23):
  see declaration of 'AccessorSignature'
  
D:\downloads D Drive\blc project\project-3\supply-chain-truffle-react\node_modules\nan\nan_callbacks.h(55,42): error C2955: 'v8::Local': use of class template requires template argument list [D:\downloads D Drive\blc project\project-3\supply-chain-truffle-react\node_modules\ursa-optional\build\ursaNative.vcxproj]
  (compiling source file '../src/ursaNative.cc')
  C:\Users\nishi\AppData\Local\node-gyp\Cache\22.14.0\include\node\v8-local-handle.h(252,22):
  see declaration of 'v8::Local'
  
D:\downloads D Drive\blc project\project-3\supply-chain-truffle-react\node_modules\nan\nan.h(2518,14): error C2955: 'v8::Local': use of class template requires template argument list [D:\downloads D Drive\blc project\project-3\supply-chain-truffle-react\node_modules\ursa-optional\build\ursaNative.vcxproj]
  (compiling source file '../src/ursaNative.cc')
  C:\Users\nishi\AppData\Local\node-gyp\Cache\22.14.0\include\node\v8-local-handle.h(252,22):
  see declaration of 'v8::Local'
  
D:\downloads D Drive\blc project\project-3\supply-chain-truffle-react\node_modules\nan\nan.h(2518,34): error C2641: cannot deduce template arguments for 'v8::Local' [D:\downloads D Drive\blc project\project-3\supply-chain-truffle-react\node_modules\ursa-optional\build\ursaNative.vcxproj]
  (compiling source file '../src/ursaNative.cc')
  
D:\downloads D Drive\blc project\project-3\supply-chain-truffle-react\node_modules\nan\nan.h(2518,34): error C2780: 'v8::Local<T> v8::Local(const v8::LocalBase<T> &)': expects 1 arguments - 0 provided [D:\downloads D Drive\blc project\project-3\supply-chain-truffle-react\node_modules\ursa-optional\build\ursaNative.vcxproj]
  (compiling source file '../src/ursaNative.cc')
  C:\Users\nishi\AppData\Local\node-gyp\Cache\22.14.0\include\node\v8-local-handle.h(401,3):
  see declaration of 'v8::Local'
  
D:\downloads D Drive\blc project\project-3\supply-chain-truffle-react\node_modules\nan\nan.h(2518,34): error C2780: 'v8::Local<T> v8::Local(const v8::Local<T> &,v8::api_internal::StackAllocated<false>::no_checking_tag)': expects 2 arguments - 0 provided [D:\downloads D Drive\blc project\project-3\supply-chain-truffle-react\node_modules\ursa-optional\build\ursaNative.vcxproj]
  (compiling source file '../src/ursaNative.cc')
  C:\Users\nishi\AppData\Local\node-gyp\Cache\22.14.0\include\node\v8-local-handle.h(398,3):
  see declaration of 'v8::Local'
  
D:\downloads D Drive\blc project\project-3\supply-chain-truffle-react\node_modules\nan\nan.h(2518,34): error C2780: 'v8::Local<T> v8::Local(v8::api_internal::StackAllocated<false>::no_checking_tag)': expects 1 arguments - 0 provided [D:\downloads D Drive\blc project\project-3\supply-chain-truffle-react\node_modules\ursa-optional\build\ursaNative.vcxproj]
  (compiling source file '../src/ursaNative.cc')
  C:\Users\nishi\AppData\Local\node-gyp\Cache\22.14.0\include\node\v8-local-handle.h(396,3):
  see declaration of 'v8::Local'
  
D:\downloads D Drive\blc project\project-3\supply-chain-truffle-react\node_modules\nan\nan.h(2518,34): error C2780: 'v8::Local<T> v8::Local(v8::Local<S>)': expects 1 arguments - 0 provided [D:\downloads D Drive\blc project\project-3\supply-chain-truffle-react\node_modules\ursa-optional\build\ursaNative.vcxproj]
  (compiling source file '../src/ursaNative.cc')
  C:\Users\nishi\AppData\Local\node-gyp\Cache\22.14.0\include\node\v8-local-handle.h(263,3):
  see declaration of 'v8::Local'
  
D:\downloads D Drive\blc project\project-3\supply-chain-truffle-react\node_modules\nan\nan.h(2518,34): error C2783: 'v8::Local<T> v8::Local(void)': could not deduce template argument for 'T' [D:\downloads D Drive\blc project\project-3\supply-chain-truffle-react\node_modules\ursa-optional\build\ursaNative.vcxproj]
  (compiling source file '../src/ursaNative.cc')
  C:\Users\nishi\AppData\Local\node-gyp\Cache\22.14.0\include\node\v8-local-handle.h(260,3):
  see declaration of 'v8::Local'
  
D:\downloads D Drive\blc project\project-3\supply-chain-truffle-react\node_modules\nan\nan.h(2518,34): error C2780: 'v8::Local<T> v8::Local(v8::Local<T>)': expects 1 arguments - 0 provided [D:\downloads D Drive\blc project\project-3\supply-chain-truffle-react\node_modules\ursa-optional\build\ursaNative.vcxproj]
  (compiling source file '../src/ursaNative.cc')
  C:\Users\nishi\AppData\Local\node-gyp\Cache\22.14.0\include\node\v8-local-handle.h(252,22):
  see declaration of 'v8::Local'
  
D:\downloads D Drive\blc project\project-3\supply-chain-truffle-react\node_modules\nan\nan.h(2544,6): error C2665: 'v8::ObjectTemplate::SetAccessor': no overloaded function could convert all the argument types [D:\downloads D Drive\blc project\project-3\supply-chain-truffle-react\node_modules\ursa-optional\build\ursaNative.vcxproj]
  (compiling source file '../src/ursaNative.cc')
  C:\Users\nishi\AppData\Local\node-gyp\Cache\22.14.0\include\node\v8-template.h(1055,8):
  could be 'void v8::ObjectTemplate::SetAccessor(v8::Local<v8::Name>,v8::AccessorNameGetterCallback,v8::AccessorNameSetterCallback,v8::Local<v8::Value>,v8::PropertyAttribute,v8::SideEffectType,v8::SideEffectType)'
  	D:\downloads D Drive\blc project\project-3\supply-chain-truffle-react\node_modules\nan\nan.h(2544,6):
  	'void v8::ObjectTemplate::SetAccessor(v8::Local<v8::Name>,v8::AccessorNameGetterCallback,v8::AccessorNameSetterCallback,v8::Local<v8::Value>,v8::PropertyAttribute,v8::SideEffectType,v8::SideEffectType)': cannot convert argument 5 from 'v8::AccessControl' to 'v8::PropertyAttribute'
  		D:\downloads D Drive\blc project\project-3\supply-chain-truffle-react\node_modules\nan\nan.h(2549,7):
  		Conversion to enumeration type requires an explicit cast (static_cast, C-style cast or parenthesized function-style cast)
  C:\Users\nishi\AppData\Local\node-gyp\Cache\22.14.0\include\node\v8-template.h(1049,8):
  or       'void v8::ObjectTemplate::SetAccessor(v8::Local<v8::String>,v8::AccessorGetterCallback,v8::AccessorSetterCallback,v8::Local<v8::Value>,v8::PropertyAttribute,v8::SideEffectType,v8::SideEffectType)'
  	D:\downloads D Drive\blc project\project-3\supply-chain-truffle-react\node_modules\nan\nan.h(2544,6):
  	'void v8::ObjectTemplate::SetAccessor(v8::Local<v8::String>,v8::AccessorGetterCallback,v8::AccessorSetterCallback,v8::Local<v8::Value>,v8::PropertyAttribute,v8::SideEffectType,v8::SideEffectType)': cannot convert argument 2 from 'Nan::imp::NativeGetter' to 'v8::AccessorGetterCallback'
  		D:\downloads D Drive\blc project\project-3\supply-chain-truffle-react\node_modules\nan\nan.h(2546,7):
  		This conversion requires a reinterpret_cast, a C-style cast or parenthesized function-style cast
  D:\downloads D Drive\blc project\project-3\supply-chain-truffle-react\node_modules\nan\nan.h(2544,6):
  while trying to match the argument list '(v8::Local<v8::String>, Nan::imp::NativeGetter, Nan::imp::NativeSetter, v8::Local<v8::Object>, v8::AccessControl, v8::PropertyAttribute, Nan::imp::Sig)'
  
D:\downloads D Drive\blc project\project-3\supply-chain-truffle-react\node_modules\ursa-optional\src\ursaNative.cc(593,17): warning C4996: 'RSA_new': Since OpenSSL 3.0 [D:\downloads D Drive\blc project\project-3\supply-chain-truffle-react\node_modules\ursa-optional\build\ursaNative.vcxproj]
D:\downloads D Drive\blc project\project-3\supply-chain-truffle-react\node_modules\ursa-optional\src\ursaNative.cc(601,7): warning C4996: 'RSA_generate_key_ex': Since OpenSSL 3.0 [D:\downloads D Drive\blc project\project-3\supply-chain-truffle-react\node_modules\ursa-optional\build\ursaNative.vcxproj]
D:\downloads D Drive\blc project\project-3\supply-chain-truffle-react\node_modules\ursa-optional\src\ursaNative.cc(603,5): warning C4996: 'RSA_free': Since OpenSSL 3.0 [D:\downloads D Drive\blc project\project-3\supply-chain-truffle-react\node_modules\ursa-optional\build\ursaNative.vcxproj]
D:\downloads D Drive\blc project\project-3\supply-chain-truffle-react\node_modules\ursa-optional\src\ursaNative.cc(720,5): warning C4996: 'RSA_free': Since OpenSSL 3.0 [D:\downloads D Drive\blc project\project-3\supply-chain-truffle-react\node_modules\ursa-optional\build\ursaNative.vcxproj]
D:\downloads D Drive\blc project\project-3\supply-chain-truffle-react\node_modules\ursa-optional\src\ursaNative.cc(747,16): warning C4996: 'RSA_new': Since OpenSSL 3.0 [D:\downloads D Drive\blc project\project-3\supply-chain-truffle-react\node_modules\ursa-optional\build\ursaNative.vcxproj]
D:\downloads D Drive\blc project\project-3\supply-chain-truffle-react\node_modules\ursa-optional\src\ursaNative.cc(755,3): warning C4996: 'RSA_set0_key': Since OpenSSL 3.0 [D:\downloads D Drive\blc project\project-3\supply-chain-truffle-react\node_modules\ursa-optional\build\ursaNative.vcxproj]
D:\downloads D Drive\blc project\project-3\supply-chain-truffle-react\node_modules\ursa-optional\src\ursaNative.cc(773,5): warning C4996: 'RSA_get0_key': Since OpenSSL 3.0 [D:\downloads D Drive\blc project\project-3\supply-chain-truffle-react\node_modules\ursa-optional\build\ursaNative.vcxproj]
D:\downloads D Drive\blc project\project-3\supply-chain-truffle-react\node_modules\ursa-optional\src\ursaNative.cc(929,3): warning C4996: 'RSA_get0_key': Since OpenSSL 3.0 [D:\downloads D Drive\blc project\project-3\supply-chain-truffle-react\node_modules\ursa-optional\build\ursaNative.vcxproj]
D:\downloads D Drive\blc project\project-3\supply-chain-truffle-react\node_modules\ursa-optional\src\ursaNative.cc(950,3): warning C4996: 'RSA_get0_key': Since OpenSSL 3.0 [D:\downloads D Drive\blc project\project-3\supply-chain-truffle-react\node_modules\ursa-optional\build\ursaNative.vcxproj]
D:\downloads D Drive\blc project\project-3\supply-chain-truffle-react\node_modules\ursa-optional\src\ursaNative.cc(970,3): warning C4996: 'RSA_get0_key': Since OpenSSL 3.0 [D:\downloads D Drive\blc project\project-3\supply-chain-truffle-react\node_modules\ursa-optional\build\ursaNative.vcxproj]
D:\downloads D Drive\blc project\project-3\supply-chain-truffle-react\node_modules\ursa-optional\src\ursaNative.cc(1019,8): warning C4996: 'PEM_write_bio_RSAPrivateKey': Since OpenSSL 3.0 [D:\downloads D Drive\blc project\project-3\supply-chain-truffle-react\node_modules\ursa-optional\build\ursaNative.vcxproj]
D:\downloads D Drive\blc project\project-3\supply-chain-truffle-react\node_modules\ursa-optional\src\ursaNative.cc(1056,8): warning C4996: 'PEM_write_bio_RSA_PUBKEY': Since OpenSSL 3.0 [D:\downloads D Drive\blc project\project-3\supply-chain-truffle-react\node_modules\ursa-optional\build\ursaNative.vcxproj]
D:\downloads D Drive\blc project\project-3\supply-chain-truffle-react\node_modules\ursa-optional\src\ursaNative.cc(1102,19): warning C4996: 'RSA_size': Since OpenSSL 3.0 [D:\downloads D Drive\blc project\project-3\supply-chain-truffle-react\node_modules\ursa-optional\build\ursaNative.vcxproj]
D:\downloads D Drive\blc project\project-3\supply-chain-truffle-react\node_modules\ursa-optional\src\ursaNative.cc(1112,19): warning C4996: 'RSA_private_decrypt': Since OpenSSL 3.0 [D:\downloads D Drive\blc project\project-3\supply-chain-truffle-react\node_modules\ursa-optional\build\ursaNative.vcxproj]
D:\downloads D Drive\blc project\project-3\supply-chain-truffle-react\node_modules\ursa-optional\src\ursaNative.cc(1160,19): warning C4996: 'RSA_size': Since OpenSSL 3.0 [D:\downloads D Drive\blc project\project-3\supply-chain-truffle-react\node_modules\ursa-optional\build\ursaNative.vcxproj]
D:\downloads D Drive\blc project\project-3\supply-chain-truffle-react\node_modules\ursa-optional\src\ursaNative.cc(1170,13): warning C4996: 'RSA_private_encrypt': Since OpenSSL 3.0 [D:\downloads D Drive\blc project\project-3\supply-chain-truffle-react\node_modules\ursa-optional\build\ursaNative.vcxproj]
D:\downloads D Drive\blc project\project-3\supply-chain-truffle-react\node_modules\ursa-optional\src\ursaNative.cc(1217,19): warning C4996: 'RSA_size': Since OpenSSL 3.0 [D:\downloads D Drive\blc project\project-3\supply-chain-truffle-react\node_modules\ursa-optional\build\ursaNative.vcxproj]
D:\downloads D Drive\blc project\project-3\supply-chain-truffle-react\node_modules\ursa-optional\src\ursaNative.cc(1227,19): warning C4996: 'RSA_public_decrypt': Since OpenSSL 3.0 [D:\downloads D Drive\blc project\project-3\supply-chain-truffle-react\node_modules\ursa-optional\build\ursaNative.vcxproj]
D:\downloads D Drive\blc project\project-3\supply-chain-truffle-react\node_modules\ursa-optional\src\ursaNative.cc(1271,19): warning C4996: 'RSA_size': Since OpenSSL 3.0 [D:\downloads D Drive\blc project\project-3\supply-chain-truffle-react\node_modules\ursa-optional\build\ursaNative.vcxproj]
D:\downloads D Drive\blc project\project-3\supply-chain-truffle-react\node_modules\ursa-optional\src\ursaNative.cc(1281,13): warning C4996: 'RSA_public_encrypt': Since OpenSSL 3.0 [D:\downloads D Drive\blc project\project-3\supply-chain-truffle-react\node_modules\ursa-optional\build\ursaNative.vcxproj]
D:\downloads D Drive\blc project\project-3\supply-chain-truffle-react\node_modules\ursa-optional\src\ursaNative.cc(1335,16): warning C4996: 'PEM_read_bio_RSAPrivateKey': Since OpenSSL 3.0 [D:\downloads D Drive\blc project\project-3\supply-chain-truffle-react\node_modules\ursa-optional\build\ursaNative.vcxproj]
D:\downloads D Drive\blc project\project-3\supply-chain-truffle-react\node_modules\ursa-optional\src\ursaNative.cc(1381,14): warning C4996: 'PEM_read_bio_RSA_PUBKEY': Since OpenSSL 3.0 [D:\downloads D Drive\blc project\project-3\supply-chain-truffle-react\node_modules\ursa-optional\build\ursaNative.vcxproj]
D:\downloads D Drive\blc project\project-3\supply-chain-truffle-react\node_modules\ursa-optional\src\ursaNative.cc(1433,40): warning C4996: 'RSA_size': Since OpenSSL 3.0 [D:\downloads D Drive\blc project\project-3\supply-chain-truffle-react\node_modules\ursa-optional\build\ursaNative.vcxproj]
D:\downloads D Drive\blc project\project-3\supply-chain-truffle-react\node_modules\ursa-optional\src\ursaNative.cc(1437,13): warning C4996: 'RSA_sign': Since OpenSSL 3.0 [D:\downloads D Drive\blc project\project-3\supply-chain-truffle-react\node_modules\ursa-optional\build\ursaNative.vcxproj]
D:\downloads D Drive\blc project\project-3\supply-chain-truffle-react\node_modules\ursa-optional\src\ursaNative.cc(1512,13): warning C4996: 'RSA_verify': Since OpenSSL 3.0 [D:\downloads D Drive\blc project\project-3\supply-chain-truffle-react\node_modules\ursa-optional\build\ursaNative.vcxproj]
D:\downloads D Drive\blc project\project-3\supply-chain-truffle-react\node_modules\ursa-optional\src\ursaNative.cc(1593,41): warning C4996: 'RSA_size': Since OpenSSL 3.0 [D:\downloads D Drive\blc project\project-3\supply-chain-truffle-react\node_modules\ursa-optional\build\ursaNative.vcxproj]
D:\downloads D Drive\blc project\project-3\supply-chain-truffle-react\node_modules\ursa-optional\src\ursaNative.cc(1596,13): warning C4996: 'RSA_padding_add_PKCS1_PSS': Since OpenSSL 3.0 [D:\downloads D Drive\blc project\project-3\supply-chain-truffle-react\node_modules\ursa-optional\build\ursaNative.vcxproj]
D:\downloads D Drive\blc project\project-3\supply-chain-truffle-react\node_modules\ursa-optional\src\ursaNative.cc(1665,49): warning C4996: 'RSA_size': Since OpenSSL 3.0 [D:\downloads D Drive\blc project\project-3\supply-chain-truffle-react\node_modules\ursa-optional\build\ursaNative.vcxproj]
D:\downloads D Drive\blc project\project-3\supply-chain-truffle-react\node_modules\ursa-optional\src\ursaNative.cc(1683,13): warning C4996: 'RSA_verify_PKCS1_PSS': Since OpenSSL 3.0 [D:\downloads D Drive\blc project\project-3\supply-chain-truffle-react\node_modules\ursa-optional\build\ursaNative.vcxproj]
D:\downloads D Drive\blc project\project-3\supply-chain-truffle-react\node_modules\ursa-optional\src\ursaNative.cc(1721,14): warning C4996: 'RSA_new': Since OpenSSL 3.0 [D:\downloads D Drive\blc project\project-3\supply-chain-truffle-react\node_modules\ursa-optional\build\ursaNative.vcxproj]
D:\downloads D Drive\blc project\project-3\supply-chain-truffle-react\node_modules\ursa-optional\src\ursaNative.cc(1778,5): warning C4996: 'RSA_set0_key': Since OpenSSL 3.0 [D:\downloads D Drive\blc project\project-3\supply-chain-truffle-react\node_modules\ursa-optional\build\ursaNative.vcxproj]
D:\downloads D Drive\blc project\project-3\supply-chain-truffle-react\node_modules\ursa-optional\src\ursaNative.cc(1779,5): warning C4996: 'RSA_set0_factors': Since OpenSSL 3.0 [D:\downloads D Drive\blc project\project-3\supply-chain-truffle-react\node_modules\ursa-optional\build\ursaNative.vcxproj]
D:\downloads D Drive\blc project\project-3\supply-chain-truffle-react\node_modules\ursa-optional\src\ursaNative.cc(1780,5): warning C4996: 'RSA_set0_crt_params': Since OpenSSL 3.0 [D:\downloads D Drive\blc project\project-3\supply-chain-truffle-react\node_modules\ursa-optional\build\ursaNative.vcxproj]
D:\downloads D Drive\blc project\project-3\supply-chain-truffle-react\node_modules\ursa-optional\src\ursaNative.cc(1836,14): warning C4996: 'RSA_new': Since OpenSSL 3.0 [D:\downloads D Drive\blc project\project-3\supply-chain-truffle-react\node_modules\ursa-optional\build\ursaNative.vcxproj]
D:\downloads D Drive\blc project\project-3\supply-chain-truffle-react\node_modules\ursa-optional\src\ursaNative.cc(1857,5): warning C4996: 'RSA_set0_key': Since OpenSSL 3.0 [D:\downloads D Drive\blc project\project-3\supply-chain-truffle-react\node_modules\ursa-optional\build\ursaNative.vcxproj]
